1,4,2024-10-07 14:58:08
1,4,2024-10-07 14:58:22
1,4,2024-10-07 14:58:36
1,4,2024-10-07 14:58:50
1,4,2024-10-07 14:59:04
1,4,2024-10-07 14:59:11
1,4,2024-10-07 14:59:13
1,4,2024-10-07 14:59:26
1,4,2024-10-07 14:59:52
1,4,2024-10-07 15:00:01
1,4,2024-10-07 15:00:24
1,4,2024-10-07 15:00:31
1,4,2024-10-07 15:00:39
1,4,2024-10-07 15:00:57
1,4,2024-10-07 15:00:59
1,4,2024-10-07 15:01:23
1,4,2024-10-07 15:01:32
1,4,2024-10-07 15:02:01
1,4,2024-10-07 15:02:16
1,4,2024-10-07 15:02:25
1,4,2024-10-07 15:02:34
1,4,2024-10-07 15:02:43
1,4,2024-10-07 15:03:07
1,4,2024-10-07 15:03:34
1,4,2024-10-07 15:03:48
1,4,2024-10-07 15:04:01
1,4,2024-10-07 15:04:13
1,4,2024-10-07 15:04:21
1,4,2024-10-07 15:04:29
1,4,2024-10-07 15:04:37
1,4,2024-10-07 15:04:59
1,4,2024-10-07 15:05:23
1,4,2024-10-07 15:05:36
1,4,2024-10-07 15:05:48
1,4,2024-10-07 15:06:02
